May 15, 2024 > 18:11:28 | CRITICAL | Improper token has been passed. | {}
May 15, 2024 > 18:25:23 | INFO | DontAskToAsk Bot#1620 is now running! | {}
May 15, 2024 > 18:26:37 | INFO | DontAskToAsk Bot#1620 is now running! | {}
May 15, 2024 > 18:26:47 | ERROR | 'Embed' object has no attribute 'format' | {'user_response': <discord.embeds.Embed object at 0x11eca8ee0>}
May 15, 2024 > 18:28:00 | INFO | DontAskToAsk Bot#1620 is now running! | {}
May 15, 2024 > 18:28:13 | ERROR | 'Embed' object has no attribute 'format' | {}
May 15, 2024 > 18:30:22 | INFO | DontAskToAsk Bot#1620 is now running! | {}
May 15, 2024 > 19:09:12 | INFO | DontAskToAsk Bot#1620 is now running! | {}
May 15, 2024 > 19:23:08 | INFO | DontAskToAsk Bot#1620 is now running! | {}
May 16, 2024 > 11:46:46 | INFO | DontAskToAsk Bot#1620 is now running! | {}
May 16, 2024 > 13:07:19 | INFO | DontAskToAsk Bot#1620 is now running! | {}
May 16, 2024 > 13:38:57 | INFO | DontAskToAsk Bot#1620 is now running! | {}
May 16, 2024 > 13:59:04 | INFO | DontAskToAsk Bot#1620 is now running! | {}
May 16, 2024 > 15:25:03 | INFO | DontAskToAsk Bot#1620 is now running! | {}
May 16, 2024 > 17:54:31 | INFO | DontAskToAsk Bot#1620 is now running! | {}
May 16, 2024 > 20:28:59 | INFO | DontAskToAsk Bot#1620 is now running! | {}
May 16, 2024 > 23:44:19 | INFO | DontAskToAsk Bot#1620 is now running! | {}
May 17, 2024 > 11:32:57 | INFO | DontAskToAsk Bot#1620 is now running! | {}
May 17, 2024 > 14:18:02 | INFO | DontAskToAsk Bot#1620 is now running! | {}
May 17, 2024 > 15:01:12 | INFO | DontAskToAsk Bot#1620 is now running! | {}
May 17, 2024 > 16:26:40 | INFO | DontAskToAsk Bot#1620 is now running! | {}
May 17, 2024 > 17:49:29 | INFO | DontAskToAsk Bot#1620 is now running! | {}
May 18, 2024 > 00:04:45 | INFO | DontAskToAsk Bot#1620 is now running! | {}
May 18, 2024 > 10:54:28 | INFO | DontAskToAsk Bot#1620 is now running! | {}
May 18, 2024 > 13:24:31 | INFO | DontAskToAsk Bot#1620 is now running! | {}
May 18, 2024 > 14:32:04 | INFO | DontAskToAsk Bot#1620 is now running! | {}
May 18, 2024 > 18:55:49 | INFO | Model loaded successfully from Config(token='resources/models/SVM94Tuned20.joblib') | {}
May 18, 2024 > 18:55:49 | INFO | Model loaded successfully from Config(token='resources/models/SVM94Tuned20.joblib') | {}
May 18, 2024 > 18:55:49 | INFO | Discord token successfully retrieved. | {}
May 18, 2024 > 18:55:49 | INFO | Discord token successfully retrieved. | {}
May 18, 2024 > 18:55:49 | INFO | Discord token successfully retrieved. | {}
May 18, 2024 > 18:55:49 | INFO | Discord token successfully retrieved. | {}
May 18, 2024 > 18:55:53 | SUCCESS | DontAskToAsk Bot#1620 is now running! | {}
May 18, 2024 > 18:55:53 | SUCCESS | DontAskToAsk Bot#1620 is now running! | {}
May 18, 2024 > 18:55:53 | SUCCESS | DontAskToAsk Bot#1620 is now running! | {}
May 18, 2024 > 18:55:53 | SUCCESS | DontAskToAsk Bot#1620 is now running! | {}
May 18, 2024 > 18:56:43 | INFO | user is not new | {}
May 18, 2024 > 18:56:43 | INFO | user is not new | {}
May 18, 2024 > 18:56:43 | INFO | user is not new | {}
May 18, 2024 > 18:56:43 | INFO | user is not new | {}
May 18, 2024 > 18:57:06 | INFO | user is not new | {}
May 18, 2024 > 18:57:06 | INFO | user is not new | {}
May 18, 2024 > 18:57:06 | INFO | user is not new | {}
May 18, 2024 > 18:57:06 | INFO | user is not new | {}
May 18, 2024 > 18:57:20 | INFO | Model loaded successfully | {}
May 18, 2024 > 18:57:20 | INFO | Model loaded successfully | {}
May 18, 2024 > 18:57:20 | INFO | Discord token successfully retrieved. | {}
May 18, 2024 > 18:57:20 | INFO | Discord token successfully retrieved. | {}
May 18, 2024 > 18:57:20 | INFO | Discord token successfully retrieved. | {}
May 18, 2024 > 18:57:20 | INFO | Discord token successfully retrieved. | {}
May 18, 2024 > 18:57:25 | SUCCESS | DontAskToAsk Bot#1620 is now running! | {}
May 18, 2024 > 18:57:25 | SUCCESS | DontAskToAsk Bot#1620 is now running! | {}
May 18, 2024 > 18:57:25 | SUCCESS | DontAskToAsk Bot#1620 is now running! | {}
May 18, 2024 > 18:57:25 | SUCCESS | DontAskToAsk Bot#1620 is now running! | {}
May 18, 2024 > 18:59:20 | INFO | Model loaded successfully | {}
May 18, 2024 > 18:59:20 | INFO | Model loaded successfully | {}
May 18, 2024 > 18:59:20 | INFO | Discord token successfully retrieved. | {}
May 18, 2024 > 18:59:20 | INFO | Discord token successfully retrieved. | {}
May 18, 2024 > 18:59:20 | INFO | Discord token successfully retrieved. | {}
May 18, 2024 > 18:59:20 | INFO | Discord token successfully retrieved. | {}
May 18, 2024 > 18:59:23 | SUCCESS | DontAskToAsk Bot#1620 is now running! | {}
May 18, 2024 > 18:59:23 | SUCCESS | DontAskToAsk Bot#1620 is now running! | {}
May 18, 2024 > 18:59:23 | SUCCESS | DontAskToAsk Bot#1620 is now running! | {}
May 18, 2024 > 18:59:23 | SUCCESS | DontAskToAsk Bot#1620 is now running! | {}
May 18, 2024 > 19:02:19 | INFO | Model loaded successfully | {}
May 18, 2024 > 19:02:19 | INFO | Model loaded successfully | {}
May 18, 2024 > 19:02:19 | INFO | Discord token successfully retrieved. | {}
May 18, 2024 > 19:02:19 | INFO | Discord token successfully retrieved. | {}
May 18, 2024 > 19:02:19 | INFO | Discord token successfully retrieved. | {}
May 18, 2024 > 19:02:19 | INFO | Discord token successfully retrieved. | {}
May 18, 2024 > 19:02:22 | SUCCESS | DontAskToAsk Bot#1620 is now running! | {}
May 18, 2024 > 19:02:22 | SUCCESS | DontAskToAsk Bot#1620 is now running! | {}
May 18, 2024 > 19:02:22 | SUCCESS | DontAskToAsk Bot#1620 is now running! | {}
May 18, 2024 > 19:02:22 | SUCCESS | DontAskToAsk Bot#1620 is now running! | {}
May 18, 2024 > 19:03:31 | INFO | Model loaded successfully | {}
May 18, 2024 > 19:03:31 | INFO | Model loaded successfully | {}
May 18, 2024 > 19:03:31 | INFO | Discord token successfully retrieved. | {}
May 18, 2024 > 19:03:31 | INFO | Discord token successfully retrieved. | {}
May 18, 2024 > 19:03:31 | INFO | Discord token successfully retrieved. | {}
May 18, 2024 > 19:03:31 | INFO | Discord token successfully retrieved. | {}
May 18, 2024 > 19:03:35 | SUCCESS | DontAskToAsk Bot#1620 is now running! | {}
May 18, 2024 > 19:03:35 | SUCCESS | DontAskToAsk Bot#1620 is now running! | {}
May 18, 2024 > 19:03:35 | SUCCESS | DontAskToAsk Bot#1620 is now running! | {}
May 18, 2024 > 19:03:35 | SUCCESS | DontAskToAsk Bot#1620 is now running! | {}
May 18, 2024 > 19:04:44 | INFO | Model loaded successfully | {}
May 18, 2024 > 19:04:44 | INFO | Model loaded successfully | {}
May 18, 2024 > 19:04:44 | INFO | Discord token successfully retrieved. | {}
May 18, 2024 > 19:04:44 | INFO | Discord token successfully retrieved. | {}
May 18, 2024 > 19:04:44 | INFO | Discord token successfully retrieved. | {}
May 18, 2024 > 19:04:44 | INFO | Discord token successfully retrieved. | {}
May 18, 2024 > 19:04:48 | SUCCESS | DontAskToAsk Bot#1620 is now running! | {}
May 18, 2024 > 19:04:48 | SUCCESS | DontAskToAsk Bot#1620 is now running! | {}
May 18, 2024 > 19:04:48 | SUCCESS | DontAskToAsk Bot#1620 is now running! | {}
May 18, 2024 > 19:04:48 | SUCCESS | DontAskToAsk Bot#1620 is now running! | {}
May 18, 2024 > 19:06:58 | INFO | Model loaded successfully | {}
May 18, 2024 > 19:06:58 | INFO | Model loaded successfully | {}
May 18, 2024 > 19:06:58 | INFO | Discord token successfully retrieved. | {}
May 18, 2024 > 19:06:58 | INFO | Discord token successfully retrieved. | {}
May 18, 2024 > 19:06:58 | INFO | Discord token successfully retrieved. | {}
May 18, 2024 > 19:06:58 | INFO | Discord token successfully retrieved. | {}
May 18, 2024 > 19:07:02 | SUCCESS | DontAskToAsk Bot#1620 is now running! | {}
May 18, 2024 > 19:07:02 | SUCCESS | DontAskToAsk Bot#1620 is now running! | {}
May 18, 2024 > 19:07:02 | SUCCESS | DontAskToAsk Bot#1620 is now running! | {}
May 18, 2024 > 19:07:02 | SUCCESS | DontAskToAsk Bot#1620 is now running! | {}
May 18, 2024 > 19:08:03 | INFO | Model loaded successfully | {}
May 18, 2024 > 19:08:03 | INFO | Model loaded successfully | {}
May 18, 2024 > 19:08:03 | INFO | Discord token successfully retrieved. | {}
May 18, 2024 > 19:08:03 | INFO | Discord token successfully retrieved. | {}
May 18, 2024 > 19:08:03 | INFO | Discord token successfully retrieved. | {}
May 18, 2024 > 19:08:03 | INFO | Discord token successfully retrieved. | {}
May 18, 2024 > 19:08:07 | SUCCESS | DontAskToAsk Bot#1620 is now running! | {}
May 18, 2024 > 19:08:07 | SUCCESS | DontAskToAsk Bot#1620 is now running! | {}
May 18, 2024 > 19:08:07 | SUCCESS | DontAskToAsk Bot#1620 is now running! | {}
May 18, 2024 > 19:08:07 | SUCCESS | DontAskToAsk Bot#1620 is now running! | {}
May 18, 2024 > 19:08:56 | INFO | Model loaded successfully | {}
May 18, 2024 > 19:08:56 | INFO | Model loaded successfully | {}
May 18, 2024 > 19:08:56 | INFO | Discord token successfully retrieved. | {}
May 18, 2024 > 19:08:56 | INFO | Discord token successfully retrieved. | {}
May 18, 2024 > 19:08:56 | INFO | Discord token successfully retrieved. | {}
May 18, 2024 > 19:08:56 | INFO | Discord token successfully retrieved. | {}
May 18, 2024 > 19:09:00 | SUCCESS | DontAskToAsk Bot#1620 is now running! | {}
May 18, 2024 > 19:09:00 | SUCCESS | DontAskToAsk Bot#1620 is now running! | {}
May 18, 2024 > 19:09:00 | SUCCESS | DontAskToAsk Bot#1620 is now running! | {}
May 18, 2024 > 19:09:00 | SUCCESS | DontAskToAsk Bot#1620 is now running! | {}
May 18, 2024 > 19:11:04 | INFO | Model loaded successfully | {}
May 18, 2024 > 19:11:04 | INFO | Model loaded successfully | {}
May 18, 2024 > 19:11:04 | INFO | Discord token successfully retrieved. | {}
May 18, 2024 > 19:11:04 | INFO | Discord token successfully retrieved. | {}
May 18, 2024 > 19:11:04 | INFO | Discord token successfully retrieved. | {}
May 18, 2024 > 19:11:04 | INFO | Discord token successfully retrieved. | {}
May 18, 2024 > 19:11:08 | SUCCESS | DontAskToAsk Bot#1620 is now running! | {}
May 18, 2024 > 19:11:08 | SUCCESS | DontAskToAsk Bot#1620 is now running! | {}
May 18, 2024 > 19:11:08 | SUCCESS | DontAskToAsk Bot#1620 is now running! | {}
May 18, 2024 > 19:11:08 | SUCCESS | DontAskToAsk Bot#1620 is now running! | {}
May 18, 2024 > 19:16:43 | INFO | Model loaded successfully | {}
May 18, 2024 > 19:16:43 | INFO | Model loaded successfully | {}
May 18, 2024 > 19:16:43 | INFO | Discord token successfully retrieved. | {}
May 18, 2024 > 19:16:43 | INFO | Discord token successfully retrieved. | {}
May 18, 2024 > 19:16:43 | INFO | Discord token successfully retrieved. | {}
May 18, 2024 > 19:16:43 | INFO | Discord token successfully retrieved. | {}
May 18, 2024 > 19:16:47 | SUCCESS | DontAskToAsk Bot#1620 is now running! | {}
May 18, 2024 > 19:16:47 | SUCCESS | DontAskToAsk Bot#1620 is now running! | {}
May 18, 2024 > 19:16:47 | SUCCESS | DontAskToAsk Bot#1620 is now running! | {}
May 18, 2024 > 19:16:47 | SUCCESS | DontAskToAsk Bot#1620 is now running! | {}
May 18, 2024 > 19:19:53 | INFO | Model loaded successfully | {}
May 18, 2024 > 19:19:53 | INFO | Model loaded successfully | {}
May 18, 2024 > 19:19:53 | INFO | Discord token successfully retrieved. | {}
May 18, 2024 > 19:19:53 | INFO | Discord token successfully retrieved. | {}
May 18, 2024 > 19:19:53 | INFO | Discord token successfully retrieved. | {}
May 18, 2024 > 19:19:53 | INFO | Discord token successfully retrieved. | {}
May 18, 2024 > 19:19:57 | SUCCESS | DontAskToAsk Bot#1620 is now running! | {}
May 18, 2024 > 19:19:57 | SUCCESS | DontAskToAsk Bot#1620 is now running! | {}
May 18, 2024 > 19:19:57 | SUCCESS | DontAskToAsk Bot#1620 is now running! | {}
May 18, 2024 > 19:19:57 | SUCCESS | DontAskToAsk Bot#1620 is now running! | {}
May 18, 2024 > 20:18:27 | INFO | Model loaded successfully | {}
May 18, 2024 > 20:18:27 | INFO | Model loaded successfully | {}
May 18, 2024 > 20:18:27 | INFO | Discord token successfully retrieved. | {}
May 18, 2024 > 20:18:27 | INFO | Discord token successfully retrieved. | {}
May 18, 2024 > 20:18:27 | INFO | Discord token successfully retrieved. | {}
May 18, 2024 > 20:18:27 | INFO | Discord token successfully retrieved. | {}
May 18, 2024 > 20:18:31 | SUCCESS | DontAskToAsk Bot#1620 is now running! | {}
May 18, 2024 > 20:18:31 | SUCCESS | DontAskToAsk Bot#1620 is now running! | {}
May 18, 2024 > 20:18:31 | SUCCESS | DontAskToAsk Bot#1620 is now running! | {}
May 18, 2024 > 20:18:31 | SUCCESS | DontAskToAsk Bot#1620 is now running! | {}
May 18, 2024 > 20:18:52 | INFO | user is not new | {}
May 18, 2024 > 20:18:52 | INFO | user is not new | {}
May 18, 2024 > 20:18:52 | INFO | user is not new | {}
May 18, 2024 > 20:18:52 | INFO | user is not new | {}
May 18, 2024 > 20:18:58 | INFO | user is not new | {}
May 18, 2024 > 20:18:58 | INFO | user is not new | {}
May 18, 2024 > 20:18:58 | INFO | user is not new | {}
May 18, 2024 > 20:18:58 | INFO | user is not new | {}
May 18, 2024 > 20:25:55 | INFO | Model loaded successfully | {}
May 18, 2024 > 20:25:55 | INFO | Model loaded successfully | {}
May 18, 2024 > 20:25:55 | INFO | Discord token successfully retrieved. | {}
May 18, 2024 > 20:25:55 | INFO | Discord token successfully retrieved. | {}
May 18, 2024 > 20:25:55 | INFO | Discord token successfully retrieved. | {}
May 18, 2024 > 20:25:55 | INFO | Discord token successfully retrieved. | {}
May 18, 2024 > 20:26:17 | SUCCESS | DontAskToAsk Bot#1620 is now running! | {}
May 18, 2024 > 20:26:17 | SUCCESS | DontAskToAsk Bot#1620 is now running! | {}
May 18, 2024 > 20:26:17 | SUCCESS | DontAskToAsk Bot#1620 is now running! | {}
May 18, 2024 > 20:26:17 | SUCCESS | DontAskToAsk Bot#1620 is now running! | {}
May 18, 2024 > 20:26:31 | INFO | user is not new | {}
May 18, 2024 > 20:26:31 | INFO | user is not new | {}
May 18, 2024 > 20:26:31 | INFO | user is not new | {}
May 18, 2024 > 20:26:31 | INFO | user is not new | {}
